

Initial Conditions (time = 0.0):

     Center of Mass:   (-2.018758e-08, 1.012155e-08, -3.957608e-09)
     Average Velocity: (-5.540198e-09, 3.578887e-09, 7.436020e-09)
	Load balance:6400 0 0 0 0 0 0 0 


Conditions after timestep 128 (time = 4.000000):

     Center of Mass:   (-4.234837e-08, 2.443709e-08, 2.578647e-08)
     Average Velocity: (-5.540198e-09, 3.578887e-09, 7.436020e-09)
	Load balance:840 786 789 754 879 779 758 815 


Conditions after timestep 256 (time = 8.000000):

     Center of Mass:   (-6.450916e-08, 3.875264e-08, 5.553055e-08)
     Average Velocity: (-5.540197e-09, 3.578887e-09, 7.436020e-09)
	Load balance:399 405 1220 1163 1218 1168 400 427 


Conditions after timestep 384 (time = 12.000000):

     Center of Mass:   (-8.666995e-08, 5.306819e-08, 8.527463e-08)
     Average Velocity: (-5.540197e-09, 3.578887e-09, 7.436020e-09)
	Load balance:296 277 1296 1301 1301 1337 277 315 


Conditions after timestep 512 (time = 16.000000):

     Center of Mass:   (-1.088307e-07, 6.738374e-08, 1.150187e-07)
     Average Velocity: (-5.540197e-09, 3.578887e-09, 7.436020e-09)
	Load balance:224 189 1362 1386 1337 1450 203 249 


Conditions after timestep 640 (time = 20.000000):

     Center of Mass:   (-1.309915e-07, 8.169928e-08, 1.447628e-07)
     Average Velocity: (-5.540197e-09, 3.578887e-09, 7.436020e-09)
	Load balance:195 158 1327 1477 1370 1507 175 191 


Conditions after timestep 768 (time = 24.000000):

     Center of Mass:   (-1.531523e-07, 9.601484e-08, 1.745069e-07)
     Average Velocity: (-5.540197e-09, 3.578887e-09, 7.436020e-09)
	Load balance:171 159 1296 1532 1373 1531 167 171 


Conditions after timestep 896 (time = 28.000000):

     Center of Mass:   (-1.753131e-07, 1.103304e-07, 2.042509e-07)
     Average Velocity: (-5.540198e-09, 3.578887e-09, 7.436020e-09)
	Load balance:173 154 1283 1524 1416 1505 156 189 


Conditions after timestep 1024 (time = 32.000000):

     Center of Mass:   (-1.974739e-07, 1.246459e-07, 2.339950e-07)
     Average Velocity: (-5.540197e-09, 3.578887e-09, 7.436020e-09)

Time for 1024 timesteps with 6400 bodies:  137.8109 seconds
