

Initial Conditions (time = 0.0):

     Center of Mass:   (-4.128126e-09, -1.835931e-10, -1.653466e-08)
     Average Velocity: (-6.789231e-10, -3.510627e-09, 2.741372e-09)


Conditions after timestep 128 (time = 4.000000):

     Center of Mass:   (-6.843818e-09, -1.422610e-08, -5.569169e-09)
     Average Velocity: (-6.789233e-10, -3.510628e-09, 2.741372e-09)


Conditions after timestep 256 (time = 8.000000):

     Center of Mass:   (-9.559511e-09, -2.826861e-08, 5.396319e-09)
     Average Velocity: (-6.789232e-10, -3.510628e-09, 2.741372e-09)


Conditions after timestep 384 (time = 12.000000):

     Center of Mass:   (-1.227520e-08, -4.231112e-08, 1.636181e-08)
     Average Velocity: (-6.789232e-10, -3.510627e-09, 2.741372e-09)


Conditions after timestep 512 (time = 16.000000):

     Center of Mass:   (-1.499090e-08, -5.635363e-08, 2.732729e-08)
     Average Velocity: (-6.789231e-10, -3.510628e-09, 2.741372e-09)


Conditions after timestep 640 (time = 20.000000):

     Center of Mass:   (-1.770659e-08, -7.039614e-08, 3.829278e-08)
     Average Velocity: (-6.789231e-10, -3.510628e-09, 2.741372e-09)


Conditions after timestep 768 (time = 24.000000):

     Center of Mass:   (-2.042228e-08, -8.443865e-08, 4.925827e-08)
     Average Velocity: (-6.789231e-10, -3.510628e-09, 2.741372e-09)


Conditions after timestep 896 (time = 28.000000):

     Center of Mass:   (-2.313798e-08, -9.848116e-08, 6.022375e-08)
     Average Velocity: (-6.789231e-10, -3.510627e-09, 2.741372e-09)


Conditions after timestep 1024 (time = 32.000000):

     Center of Mass:   (-2.585367e-08, -1.125237e-07, 7.118924e-08)
     Average Velocity: (-6.789231e-10, -3.510628e-09, 2.741372e-09)

Time for 1024 timesteps with 1600 bodies:   23.1325 seconds
