

Initial Conditions (time = 0.0):

     Center of Mass:   (2.153875e-08, 1.148862e-09, 4.334575e-09)
     Average Velocity: (-1.560600e-08, -6.291000e-09, 2.288737e-10)


Conditions after timestep 128 (time = 4.000000):

     Center of Mass:   (-4.088525e-08, -2.401514e-08, 5.250070e-09)
     Average Velocity: (-1.560600e-08, -6.291000e-09, 2.288737e-10)


Conditions after timestep 256 (time = 8.000000):

     Center of Mass:   (-1.033092e-07, -4.917914e-08, 6.165565e-09)
     Average Velocity: (-1.560600e-08, -6.291000e-09, 2.288737e-10)


Conditions after timestep 384 (time = 12.000000):

     Center of Mass:   (-1.657332e-07, -7.434314e-08, 7.081059e-09)
     Average Velocity: (-1.560600e-08, -6.291000e-09, 2.288737e-10)


Conditions after timestep 512 (time = 16.000000):

     Center of Mass:   (-2.281572e-07, -9.950714e-08, 7.996555e-09)
     Average Velocity: (-1.560600e-08, -6.291000e-09, 2.288737e-10)


Conditions after timestep 640 (time = 20.000000):

     Center of Mass:   (-2.905812e-07, -1.246711e-07, 8.912050e-09)
     Average Velocity: (-1.560600e-08, -6.291000e-09, 2.288737e-10)


Conditions after timestep 768 (time = 24.000000):

     Center of Mass:   (-3.530052e-07, -1.498351e-07, 9.827544e-09)
     Average Velocity: (-1.560600e-08, -6.291000e-09, 2.288737e-10)


Conditions after timestep 896 (time = 28.000000):

     Center of Mass:   (-4.154292e-07, -1.749991e-07, 1.074304e-08)
     Average Velocity: (-1.560600e-08, -6.291000e-09, 2.288737e-10)


Conditions after timestep 1024 (time = 32.000000):

     Center of Mass:   (-4.778533e-07, -2.001631e-07, 1.165854e-08)
     Average Velocity: (-1.560600e-08, -6.291000e-09, 2.288737e-10)

Time for 1024 timesteps with 800 bodies:    5.6060 seconds
